0 info it worked if it ends with ok
1 verbose cli [ '/Users/cbuckley/.nvm/versions/node/v6.17.1/bin/node',
1 verbose cli   '/Users/cbuckley/.nvm/versions/node/v6.17.1/bin/npm',
1 verbose cli   'install',
1 verbose cli   '@material-ui/constants' ]
2 info using npm@3.10.10
3 info using node@v6.17.1
4 silly loadCurrentTree Starting
5 silly install loadCurrentTree
6 silly install readLocalPackageData
7 silly fetchPackageMetaData @material-ui/constants
8 silly fetchNamedPackageData @material-ui/constants
9 silly mapToRegistry name @material-ui/constants
10 silly mapToRegistry scope (from package name) @material-ui
11 verbose mapToRegistry no registry URL found in name for scope @material-ui
12 silly mapToRegistry using default registry
13 silly mapToRegistry registry https://registry.npmjs.org/
14 silly mapToRegistry data Result {
14 silly mapToRegistry   raw: '@material-ui/constants',
14 silly mapToRegistry   scope: '@material-ui',
14 silly mapToRegistry   escapedName: '@material-ui%2fconstants',
14 silly mapToRegistry   name: '@material-ui/constants',
14 silly mapToRegistry   rawSpec: '',
14 silly mapToRegistry   spec: 'latest',
14 silly mapToRegistry   type: 'tag' }
15 silly mapToRegistry uri https://registry.npmjs.org/@material-ui%2fconstants
16 verbose request uri https://registry.npmjs.org/@material-ui%2fconstants
17 verbose request no auth needed
18 info attempt registry request try #1 at 6:18:16 AM
19 verbose request id 25cf0cb8acd3020e
20 http request GET https://registry.npmjs.org/@material-ui%2fconstants
21 http 404 https://registry.npmjs.org/@material-ui%2fconstants
22 verbose headers { date: 'Fri, 14 Aug 2020 10:18:16 GMT',
22 verbose headers   'content-type': 'application/json',
22 verbose headers   'content-length': '21',
22 verbose headers   connection: 'keep-alive',
22 verbose headers   'set-cookie': [ '__cfduid=de255ce3ff2595fc11432b6e6ebe891be1597400296; expires=Sun, 13-Sep-20 10:18:16 GMT; path=/; domain=.npmjs.org; HttpOnly; SameSite=Lax' ],
22 verbose headers   'cf-request-id': '048e1344a100000ddee43b8200000001',
22 verbose headers   'expect-ct': 'max-age=604800, report-uri="https://report-uri.cloudflare.com/cdn-cgi/beacon/expect-ct"',
22 verbose headers   vary: 'Accept-Encoding',
22 verbose headers   server: 'cloudflare',
22 verbose headers   'cf-ray': '5c29ee4dca090dde-IAD' }
23 silly get cb [ 404,
23 silly get   { date: 'Fri, 14 Aug 2020 10:18:16 GMT',
23 silly get     'content-type': 'application/json',
23 silly get     'content-length': '21',
23 silly get     connection: 'keep-alive',
23 silly get     'set-cookie': [ '__cfduid=de255ce3ff2595fc11432b6e6ebe891be1597400296; expires=Sun, 13-Sep-20 10:18:16 GMT; path=/; domain=.npmjs.org; HttpOnly; SameSite=Lax' ],
23 silly get     'cf-request-id': '048e1344a100000ddee43b8200000001',
23 silly get     'expect-ct': 'max-age=604800, report-uri="https://report-uri.cloudflare.com/cdn-cgi/beacon/expect-ct"',
23 silly get     vary: 'Accept-Encoding',
23 silly get     server: 'cloudflare',
23 silly get     'cf-ray': '5c29ee4dca090dde-IAD' } ]
24 silly fetchPackageMetaData Error: Not found : @material-ui/constants
24 silly fetchPackageMetaData     at makeError (/Users/cbuckley/.nvm/versions/node/v6.17.1/lib/node_modules/npm/node_modules/npm-registry-client/lib/request.js:302:12)
24 silly fetchPackageMetaData     at CachingRegistryClient.<anonymous> (/Users/cbuckley/.nvm/versions/node/v6.17.1/lib/node_modules/npm/node_modules/npm-registry-client/lib/request.js:290:14)
24 silly fetchPackageMetaData     at Request._callback (/Users/cbuckley/.nvm/versions/node/v6.17.1/lib/node_modules/npm/node_modules/npm-registry-client/lib/request.js:210:14)
24 silly fetchPackageMetaData     at Request.self.callback (/Users/cbuckley/.nvm/versions/node/v6.17.1/lib/node_modules/npm/node_modules/request/request.js:187:22)
24 silly fetchPackageMetaData     at emitTwo (events.js:106:13)
24 silly fetchPackageMetaData     at Request.emit (events.js:191:7)
24 silly fetchPackageMetaData     at Request.<anonymous> (/Users/cbuckley/.nvm/versions/node/v6.17.1/lib/node_modules/npm/node_modules/request/request.js:1048:10)
24 silly fetchPackageMetaData     at emitOne (events.js:96:13)
24 silly fetchPackageMetaData     at Request.emit (events.js:188:7)
24 silly fetchPackageMetaData     at IncomingMessage.<anonymous> (/Users/cbuckley/.nvm/versions/node/v6.17.1/lib/node_modules/npm/node_modules/request/request.js:969:12)
24 silly fetchPackageMetaData  error for @material-ui/constants { Error: Not found : @material-ui/constants
24 silly fetchPackageMetaData     at makeError (/Users/cbuckley/.nvm/versions/node/v6.17.1/lib/node_modules/npm/node_modules/npm-registry-client/lib/request.js:302:12)
24 silly fetchPackageMetaData     at CachingRegistryClient.<anonymous> (/Users/cbuckley/.nvm/versions/node/v6.17.1/lib/node_modules/npm/node_modules/npm-registry-client/lib/request.js:290:14)
24 silly fetchPackageMetaData     at Request._callback (/Users/cbuckley/.nvm/versions/node/v6.17.1/lib/node_modules/npm/node_modules/npm-registry-client/lib/request.js:210:14)
24 silly fetchPackageMetaData     at Request.self.callback (/Users/cbuckley/.nvm/versions/node/v6.17.1/lib/node_modules/npm/node_modules/request/request.js:187:22)
24 silly fetchPackageMetaData     at emitTwo (events.js:106:13)
24 silly fetchPackageMetaData     at Request.emit (events.js:191:7)
24 silly fetchPackageMetaData     at Request.<anonymous> (/Users/cbuckley/.nvm/versions/node/v6.17.1/lib/node_modules/npm/node_modules/request/request.js:1048:10)
24 silly fetchPackageMetaData     at emitOne (events.js:96:13)
24 silly fetchPackageMetaData     at Request.emit (events.js:188:7)
24 silly fetchPackageMetaData     at IncomingMessage.<anonymous> (/Users/cbuckley/.nvm/versions/node/v6.17.1/lib/node_modules/npm/node_modules/request/request.js:969:12)
24 silly fetchPackageMetaData   pkgid: '@material-ui/constants',
24 silly fetchPackageMetaData   statusCode: 404,
24 silly fetchPackageMetaData   code: 'E404' }
25 silly rollbackFailedOptional Starting
26 silly rollbackFailedOptional Finishing
27 silly runTopLevelLifecycles Finishing
28 silly install printInstalled
29 verbose stack Error: Not found : @material-ui/constants
29 verbose stack     at makeError (/Users/cbuckley/.nvm/versions/node/v6.17.1/lib/node_modules/npm/node_modules/npm-registry-client/lib/request.js:302:12)
29 verbose stack     at CachingRegistryClient.<anonymous> (/Users/cbuckley/.nvm/versions/node/v6.17.1/lib/node_modules/npm/node_modules/npm-registry-client/lib/request.js:290:14)
29 verbose stack     at Request._callback (/Users/cbuckley/.nvm/versions/node/v6.17.1/lib/node_modules/npm/node_modules/npm-registry-client/lib/request.js:210:14)
29 verbose stack     at Request.self.callback (/Users/cbuckley/.nvm/versions/node/v6.17.1/lib/node_modules/npm/node_modules/request/request.js:187:22)
29 verbose stack     at emitTwo (events.js:106:13)
29 verbose stack     at Request.emit (events.js:191:7)
29 verbose stack     at Request.<anonymous> (/Users/cbuckley/.nvm/versions/node/v6.17.1/lib/node_modules/npm/node_modules/request/request.js:1048:10)
29 verbose stack     at emitOne (events.js:96:13)
29 verbose stack     at Request.emit (events.js:188:7)
29 verbose stack     at IncomingMessage.<anonymous> (/Users/cbuckley/.nvm/versions/node/v6.17.1/lib/node_modules/npm/node_modules/request/request.js:969:12)
30 verbose statusCode 404
31 verbose pkgid @material-ui/constants
32 verbose cwd /Users/cbuckley/react-apps/14-pokedex
33 error Darwin 19.6.0
34 error argv "/Users/cbuckley/.nvm/versions/node/v6.17.1/bin/node" "/Users/cbuckley/.nvm/versions/node/v6.17.1/bin/npm" "install" "@material-ui/constants"
35 error node v6.17.1
36 error npm  v3.10.10
37 error code E404
38 error 404 Not found : @material-ui/constants
39 error 404
40 error 404 '@material-ui/constants' is not in the npm registry.
41 error 404 You should bug the author to publish it (or use the name yourself!)
42 error 404 Note that you can also install from a
43 error 404 tarball, folder, http url, or git url.
44 verbose exit [ 1, true ]
